<?xml version="1.0" encoding="UTF-8"?>
<testsuite xmlns:xsi="http://www.w3.org/2001/XMLSchema-instance" xsi:noNamespaceSchemaLocation="https://maven.apache.org/surefire/maven-surefire-plugin/xsd/surefire-test-report-3.0.xsd" version="3.0" name="TestSuite" time="183.288" tests="64" errors="0" skipped="51" failures="12">
  <properties>
[...]
</properties>
  <testcase name="testSearchBrowserStack" classname="com.browserstack.test.suites.e2e.CVTest" time="76.233">
    <system-err><![CDATA[Jun 14, 2022 1:13:16 PM org.openqa.selenium.remote.ProtocolHandshake createSession
INFO: Detected dialect: W3C
]]></system-err>
  </testcase>
  <testcase name="setUp[on-prem, single, 0, public void com.browserstack.test.suites.offers.OfferTest.checkOffersInSingapore()](0)" classname="com.browserstack.test.suites.offers.OfferTest" time="76.349">
    <failure message="The driver executable does not exist: /Users/shaikhalid/Documents/BrowserStack/Customer Debugging/cvlib/sel4-3/browserstack-examples-testng/src/test/resources/drivers/chromedriver" type="java.lang.IllegalStateException"><![CDATA[java.lang.IllegalStateException: The driver executable does not exist: /Users/shaikhalid/Documents/BrowserStack/Customer Debugging/cvlib/sel4-3/browserstack-examples-testng/src/test/resources/drivers/chromedriver
]]></failure>
  </testcase>
  <testcase name="checkOffersInSingapore" classname="com.browserstack.test.suites.offers.OfferTest" time="0">
    <skipped message="The driver executable does not exist: /Users/shaikhalid/Documents/BrowserStack/Customer Debugging/cvlib/sel4-3/browserstack-examples-testng/src/test/resources/drivers/chromedriver"/>
  </testcase>
  <testcase name="tearDown" classname="com.browserstack.test.suites.offers.OfferTest" time="0">
    <skipped/>
  </testcase>
  <testcase name="setUp[on-prem, single, 0, public void com.browserstack.test.suites.e2e.OrderTest.placeOrder()](0)" classname="com.browserstack.test.suites.e2e.OrderTest" time="0.013">
    <failure message="The driver executable does not exist: /Users/shaikhalid/Documents/BrowserStack/Customer Debugging/cvlib/sel4-3/browserstack-examples-testng/src/test/resources/drivers/chromedriver" type="java.lang.IllegalStateException"><![CDATA[java.lang.IllegalStateException: The driver executable does not exist: /Users/shaikhalid/Documents/BrowserStack/Customer Debugging/cvlib/sel4-3/browserstack-examples-testng/src/test/resources/drivers/chromedriver
]]></failure>
  </testcase>
  <testcase name="placeOrder" classname="com.browserstack.test.suites.e2e.OrderTest" time="0">
    <skipped message="The driver executable does not exist: /Users/shaikhalid/Documents/BrowserStack/Customer Debugging/cvlib/sel4-3/browserstack-examples-testng/src/test/resources/drivers/chromedriver"/>
  </testcase>
  <testcase name="tearDown" classname="com.browserstack.test.suites.e2e.OrderTest" time="0">
    <skipped/>
  </testcase>
  <testcase name="setUp[on-prem, single, 0, public void com.browserstack.test.suites.user.UserTest.addToFavourites()](0)" classname="com.browserstack.test.suites.user.UserTest" time="0.009">
    <failure message="The driver executable does not exist: /Users/shaikhalid/Documents/BrowserStack/Customer Debugging/cvlib/sel4-3/browserstack-examples-testng/src/test/resources/drivers/chromedriver" type="java.lang.IllegalStateException"><![CDATA[java.lang.IllegalStateException: The driver executable does not exist: /Users/shaikhalid/Documents/BrowserStack/Customer Debugging/cvlib/sel4-3/browserstack-examples-testng/src/test/resources/drivers/chromedriver
]]></failure>
  </testcase>
  <testcase name="addToFavourites" classname="com.browserstack.test.suites.user.UserTest" time="0">
    <skipped message="The driver executable does not exist: /Users/shaikhalid/Documents/BrowserStack/Customer Debugging/cvlib/sel4-3/browserstack-examples-testng/src/test/resources/drivers/chromedriver"/>
  </testcase>
  <testcase name="tearDown" classname="com.browserstack.test.suites.user.UserTest" time="0">
    <skipped/>
  </testcase>
  <testcase name="tearDown" classname="com.browserstack.test.suites.user.UserTest" time="0">
    <skipped/>
  </testcase>
  <testcase name="tearDown" classname="com.browserstack.test.suites.user.UserTest" time="0">
    <skipped/>
  </testcase>
  <testcase name="setUp" classname="com.browserstack.test.suites.user.UserTest" time="0">
    <skipped/>
  </testcase>
  <testcase name="setUp" classname="com.browserstack.test.suites.user.UserTest" time="0">
    <skipped/>
  </testcase>
  <testcase name="loginAndCheckExistingOrders" classname="com.browserstack.test.suites.user.UserTest" time="0">
    <skipped message="The driver executable does not exist: /Users/shaikhalid/Documents/BrowserStack/Customer Debugging/cvlib/sel4-3/browserstack-examples-testng/src/test/resources/drivers/chromedriver"/>
  </testcase>
  <testcase name="loginImagesNotLoading" classname="com.browserstack.test.suites.user.UserTest" time="0">
    <skipped message="The driver executable does not exist: /Users/shaikhalid/Documents/BrowserStack/Customer Debugging/cvlib/sel4-3/browserstack-examples-testng/src/test/resources/drivers/chromedriver"/>
  </testcase>
  <testcase name="setUp[on-prem, single, 0, public void com.browserstack.test.suites.product.FilterTest.filterLowestToHighestTest()](0)" classname="com.browserstack.test.suites.product.FilterTest" time="0.013">
    <failure message="The driver executable does not exist: /Users/shaikhalid/Documents/BrowserStack/Customer Debugging/cvlib/sel4-3/browserstack-examples-testng/src/test/resources/drivers/chromedriver" type="java.lang.IllegalStateException"><![CDATA[java.lang.IllegalStateException: The driver executable does not exist: /Users/shaikhalid/Documents/BrowserStack/Customer Debugging/cvlib/sel4-3/browserstack-examples-testng/src/test/resources/drivers/chromedriver
]]></failure>
  </testcase>
  <testcase name="filterLowestToHighestTest" classname="com.browserstack.test.suites.product.FilterTest" time="0">
    <skipped message="The driver executable does not exist: /Users/shaikhalid/Documents/BrowserStack/Customer Debugging/cvlib/sel4-3/browserstack-examples-testng/src/test/resources/drivers/chromedriver"/>
  </testcase>
  <testcase name="tearDown" classname="com.browserstack.test.suites.product.FilterTest" time="0">
    <skipped/>
  </testcase>
  <testcase name="tearDown" classname="com.browserstack.test.suites.product.FilterTest" time="0">
    <skipped/>
  </testcase>
  <testcase name="setUp" classname="com.browserstack.test.suites.product.FilterTest" time="0">
    <skipped/>
  </testcase>
  <testcase name="filterVendorTest" classname="com.browserstack.test.suites.product.FilterTest" time="0">
    <skipped message="The driver executable does not exist: /Users/shaikhalid/Documents/BrowserStack/Customer Debugging/cvlib/sel4-3/browserstack-examples-testng/src/test/resources/drivers/chromedriver"/>
  </testcase>
  <testcase name="setUp[on-prem, single, 0, public void com.browserstack.test.suites.login.LoginFailTest.loginFail()](0)" classname="com.browserstack.test.suites.login.LoginFailTest" time="0.012">
    <failure message="The driver executable does not exist: /Users/shaikhalid/Documents/BrowserStack/Customer Debugging/cvlib/sel4-3/browserstack-examples-testng/src/test/resources/drivers/chromedriver" type="java.lang.IllegalStateException"><![CDATA[java.lang.IllegalStateException: The driver executable does not exist: /Users/shaikhalid/Documents/BrowserStack/Customer Debugging/cvlib/sel4-3/browserstack-examples-testng/src/test/resources/drivers/chromedriver
]]></failure>
  </testcase>
  <testcase name="loginFail" classname="com.browserstack.test.suites.login.LoginFailTest" time="0">
    <skipped message="The driver executable does not exist: /Users/shaikhalid/Documents/BrowserStack/Customer Debugging/cvlib/sel4-3/browserstack-examples-testng/src/test/resources/drivers/chromedriver"/>
  </testcase>
  <testcase name="tearDown" classname="com.browserstack.test.suites.login.LoginFailTest" time="0">
    <skipped/>
  </testcase>
  <testcase name="setUp[on-prem, single, 0, public void com.browserstack.test.suites.login.LoginRequestedTest.navigateFavoritesLoginRequested()](0)" classname="com.browserstack.test.suites.login.LoginRequestedTest" time="0.009">
    <failure message="The driver executable does not exist: /Users/shaikhalid/Documents/BrowserStack/Customer Debugging/cvlib/sel4-3/browserstack-examples-testng/src/test/resources/drivers/chromedriver" type="java.lang.IllegalStateException"><![CDATA[java.lang.IllegalStateException: The driver executable does not exist: /Users/shaikhalid/Documents/BrowserStack/Customer Debugging/cvlib/sel4-3/browserstack-examples-testng/src/test/resources/drivers/chromedriver
]]></failure>
  </testcase>
  <testcase name="navigateFavoritesLoginRequested" classname="com.browserstack.test.suites.login.LoginRequestedTest" time="0">
    <skipped message="The driver executable does not exist: /Users/shaikhalid/Documents/BrowserStack/Customer Debugging/cvlib/sel4-3/browserstack-examples-testng/src/test/resources/drivers/chromedriver"/>
  </testcase>
  <testcase name="tearDown" classname="com.browserstack.test.suites.login.LoginRequestedTest" time="0">
    <skipped/>
  </testcase>
  <testcase name="setUp[on-prem, single, 0, public void com.browserstack.test.suites.login.LoginDataDrivenTest.validateErrors(java.lang.String,java.lang.String,java.lang.String)](0)" classname="com.browserstack.test.suites.login.LoginDataDrivenTest" time="0.014">
    <failure message="The driver executable does not exist: /Users/shaikhalid/Documents/BrowserStack/Customer Debugging/cvlib/sel4-3/browserstack-examples-testng/src/test/resources/drivers/chromedriver" type="java.lang.IllegalStateException"><![CDATA[java.lang.IllegalStateException: The driver executable does not exist: /Users/shaikhalid/Documents/BrowserStack/Customer Debugging/cvlib/sel4-3/browserstack-examples-testng/src/test/resources/drivers/chromedriver
]]></failure>
  </testcase>
  <testcase name="validateErrors" classname="com.browserstack.test.suites.login.LoginDataDrivenTest" time="0">
    <skipped message="The driver executable does not exist: /Users/shaikhalid/Documents/BrowserStack/Customer Debugging/cvlib/sel4-3/browserstack-examples-testng/src/test/resources/drivers/chromedriver"/>
  </testcase>
  <testcase name="validateErrors" classname="com.browserstack.test.suites.login.LoginDataDrivenTest" time="0">
    <skipped message="The driver executable does not exist: /Users/shaikhalid/Documents/BrowserStack/Customer Debugging/cvlib/sel4-3/browserstack-examples-testng/src/test/resources/drivers/chromedriver"/>
  </testcase>
  <testcase name="validateErrors" classname="com.browserstack.test.suites.login.LoginDataDrivenTest" time="0">
    <skipped message="The driver executable does not exist: /Users/shaikhalid/Documents/BrowserStack/Customer Debugging/cvlib/sel4-3/browserstack-examples-testng/src/test/resources/drivers/chromedriver"/>
  </testcase>
  <testcase name="tearDown" classname="com.browserstack.test.suites.login.LoginDataDrivenTest" time="0">
    <skipped/>
  </testcase>
  <testcase name="tearDown" classname="com.browserstack.test.suites.login.LoginDataDrivenTest" time="0">
    <skipped/>
  </testcase>
  <testcase name="tearDown" classname="com.browserstack.test.suites.login.LoginDataDrivenTest" time="0">
    <skipped/>
  </testcase>
  <testcase name="setUp" classname="com.browserstack.test.suites.login.LoginDataDrivenTest" time="0">
    <skipped/>
  </testcase>
  <testcase name="setUp" classname="com.browserstack.test.suites.login.LoginDataDrivenTest" time="0">
    <skipped/>
  </testcase>
  <testcase name="setUp[on-prem, single, 0, public void com.browserstack.test.suites.login.LoginTest.loginFail()](0)" classname="com.browserstack.test.suites.login.LoginTest" time="0.009">
    <failure message="The driver executable does not exist: /Users/shaikhalid/Documents/BrowserStack/Customer Debugging/cvlib/sel4-3/browserstack-examples-testng/src/test/resources/drivers/chromedriver" type="java.lang.IllegalStateException"><![CDATA[java.lang.IllegalStateException: The driver executable does not exist: /Users/shaikhalid/Documents/BrowserStack/Customer Debugging/cvlib/sel4-3/browserstack-examples-testng/src/test/resources/drivers/chromedriver
]]></failure>
  </testcase>
  <testcase name="loginFail" classname="com.browserstack.test.suites.login.LoginTest" time="0">
    <skipped message="The driver executable does not exist: /Users/shaikhalid/Documents/BrowserStack/Customer Debugging/cvlib/sel4-3/browserstack-examples-testng/src/test/resources/drivers/chromedriver"/>
  </testcase>
  <testcase name="tearDown" classname="com.browserstack.test.suites.login.LoginTest" time="0">
    <skipped/>
  </testcase>
  <testcase name="tearDown" classname="com.browserstack.test.suites.login.LoginTest" time="0">
    <skipped/>
  </testcase>
  <testcase name="tearDown" classname="com.browserstack.test.suites.login.LoginTest" time="0">
    <skipped/>
  </testcase>
  <testcase name="setUp" classname="com.browserstack.test.suites.login.LoginTest" time="0">
    <skipped/>
  </testcase>
  <testcase name="setUp" classname="com.browserstack.test.suites.login.LoginTest" time="0">
    <skipped/>
  </testcase>
  <testcase name="loginLockedUser" classname="com.browserstack.test.suites.login.LoginTest" time="0">
    <skipped message="The driver executable does not exist: /Users/shaikhalid/Documents/BrowserStack/Customer Debugging/cvlib/sel4-3/browserstack-examples-testng/src/test/resources/drivers/chromedriver"/>
  </testcase>
  <testcase name="loginSuccess" classname="com.browserstack.test.suites.login.LoginTest" time="0">
    <skipped message="The driver executable does not exist: /Users/shaikhalid/Documents/BrowserStack/Customer Debugging/cvlib/sel4-3/browserstack-examples-testng/src/test/resources/drivers/chromedriver"/>
  </testcase>
  <testcase name="setUp[on-prem, single, 0, public void com.browserstack.test.suites.login.LoginDataDrivenReadFromCSVTest.validateErrors(java.lang.String,java.lang.String,java.lang.String)](0)" classname="com.browserstack.test.suites.login.LoginDataDrivenReadFromCSVTest" time="0.085">
    <failure message="The driver executable does not exist: /Users/shaikhalid/Documents/BrowserStack/Customer Debugging/cvlib/sel4-3/browserstack-examples-testng/src/test/resources/drivers/chromedriver" type="java.lang.IllegalStateException"><![CDATA[java.lang.IllegalStateException: The driver executable does not exist: /Users/shaikhalid/Documents/BrowserStack/Customer Debugging/cvlib/sel4-3/browserstack-examples-testng/src/test/resources/drivers/chromedriver
]]></failure>
  </testcase>
  <testcase name="validateErrors" classname="com.browserstack.test.suites.login.LoginDataDrivenReadFromCSVTest" time="0">
    <skipped message="The driver executable does not exist: /Users/shaikhalid/Documents/BrowserStack/Customer Debugging/cvlib/sel4-3/browserstack-examples-testng/src/test/resources/drivers/chromedriver"/>
  </testcase>
  <testcase name="validateErrors" classname="com.browserstack.test.suites.login.LoginDataDrivenReadFromCSVTest" time="0">
    <skipped message="The driver executable does not exist: /Users/shaikhalid/Documents/BrowserStack/Customer Debugging/cvlib/sel4-3/browserstack-examples-testng/src/test/resources/drivers/chromedriver"/>
  </testcase>
  <testcase name="validateErrors" classname="com.browserstack.test.suites.login.LoginDataDrivenReadFromCSVTest" time="0">
    <skipped message="The driver executable does not exist: /Users/shaikhalid/Documents/BrowserStack/Customer Debugging/cvlib/sel4-3/browserstack-examples-testng/src/test/resources/drivers/chromedriver"/>
  </testcase>
  <testcase name="tearDown" classname="com.browserstack.test.suites.login.LoginDataDrivenReadFromCSVTest" time="0">
    <skipped/>
  </testcase>
  <testcase name="tearDown" classname="com.browserstack.test.suites.login.LoginDataDrivenReadFromCSVTest" time="0">
    <skipped/>
  </testcase>
  <testcase name="tearDown" classname="com.browserstack.test.suites.login.LoginDataDrivenReadFromCSVTest" time="0">
    <skipped/>
  </testcase>
  <testcase name="setUp" classname="com.browserstack.test.suites.login.LoginDataDrivenReadFromCSVTest" time="0">
    <skipped/>
  </testcase>
  <testcase name="setUp" classname="com.browserstack.test.suites.login.LoginDataDrivenReadFromCSVTest" time="0">
    <skipped/>
  </testcase>
  <testcase name="setUp[on-prem, single, 0, public void com.browserstack.test.suites.login.LoginVisualTest.loginLockedUser()](0)" classname="com.browserstack.test.suites.login.LoginVisualTest" time="0.01">
    <failure message="The driver executable does not exist: /Users/shaikhalid/Documents/BrowserStack/Customer Debugging/cvlib/sel4-3/browserstack-examples-testng/src/test/resources/drivers/chromedriver" type="java.lang.IllegalStateException"><![CDATA[java.lang.IllegalStateException: The driver executable does not exist: /Users/shaikhalid/Documents/BrowserStack/Customer Debugging/cvlib/sel4-3/browserstack-examples-testng/src/test/resources/drivers/chromedriver
]]></failure>
  </testcase>
  <testcase name="loginLockedUser" classname="com.browserstack.test.suites.login.LoginVisualTest" time="0">
    <skipped message="The driver executable does not exist: /Users/shaikhalid/Documents/BrowserStack/Customer Debugging/cvlib/sel4-3/browserstack-examples-testng/src/test/resources/drivers/chromedriver"/>
  </testcase>
  <testcase name="tearDown" classname="com.browserstack.test.suites.login.LoginVisualTest" time="0">
    <skipped/>
  </testcase>
  <testcase name="setUp[on-prem, single, 0, public void com.browserstack.test.suites.login.AccessibilityTest.testForAccessibility()](0)" classname="com.browserstack.test.suites.login.AccessibilityTest" time="0.014">
    <failure message="The driver executable does not exist: /Users/shaikhalid/Documents/BrowserStack/Customer Debugging/cvlib/sel4-3/browserstack-examples-testng/src/test/resources/drivers/chromedriver" type="java.lang.IllegalStateException"><![CDATA[java.lang.IllegalStateException: The driver executable does not exist: /Users/shaikhalid/Documents/BrowserStack/Customer Debugging/cvlib/sel4-3/browserstack-examples-testng/src/test/resources/drivers/chromedriver
]]></failure>
  </testcase>
  <testcase name="testForAccessibility" classname="com.browserstack.test.suites.login.AccessibilityTest" time="0">
    <skipped message="The driver executable does not exist: /Users/shaikhalid/Documents/BrowserStack/Customer Debugging/cvlib/sel4-3/browserstack-examples-testng/src/test/resources/drivers/chromedriver"/>
  </testcase>
  <testcase name="tearDown" classname="com.browserstack.test.suites.login.AccessibilityTest" time="0">
    <skipped/>
  </testcase>
  <testcase name="setUp[on-prem, single, 0, public void com.browserstack.test.suites.login.IgnoreRegionVisualTest.ignoreLogo()](0)" classname="com.browserstack.test.suites.login.IgnoreRegionVisualTest" time="0.013">
    <failure message="The driver executable does not exist: /Users/shaikhalid/Documents/BrowserStack/Customer Debugging/cvlib/sel4-3/browserstack-examples-testng/src/test/resources/drivers/chromedriver" type="java.lang.IllegalStateException"><![CDATA[java.lang.IllegalStateException: The driver executable does not exist: /Users/shaikhalid/Documents/BrowserStack/Customer Debugging/cvlib/sel4-3/browserstack-examples-testng/src/test/resources/drivers/chromedriver
]]></failure>
  </testcase>
  <testcase name="ignoreLogo" classname="com.browserstack.test.suites.login.IgnoreRegionVisualTest" time="0">
    <skipped message="The driver executable does not exist: /Users/shaikhalid/Documents/BrowserStack/Customer Debugging/cvlib/sel4-3/browserstack-examples-testng/src/test/resources/drivers/chromedriver"/>
  </testcase>
  <testcase name="tearDown" classname="com.browserstack.test.suites.login.IgnoreRegionVisualTest" time="0">
    <skipped/>
  </testcase>
</testsuite>