<?xml version="1.0" encoding="UTF-8"?>
<testng-results ignored="0" total="1" passed="1" failed="0" skipped="0">
  <reporter-output>
  </reporter-output>
  <suite started-at="2022-06-15T16:38:13 IST" name="Surefire suite" finished-at="2022-06-15T16:38:55 IST" duration-ms="42177">
    <groups>
    </groups>
    <test started-at="2022-06-15T16:38:13 IST" name="Surefire test" finished-at="2022-06-15T16:38:55 IST" duration-ms="42177">
      <class name="com.browserstack.test.suites.e2e.CVTestLT">
        <test-method is-config="true" signature="setup()[pri:0, instance:com.browserstack.test.suites.e2e.CVTestLT@710b30ef]" started-at="2022-06-15T16:38:13 IST" name="setup" finished-at="2022-06-15T16:38:19 IST" duration-ms="6600" status="PASS">
          <reporter-output>
          </reporter-output>
        </test-method> <!-- setup -->
        <test-method signature="testSearchBrowserStack()[pri:0, instance:com.browserstack.test.suites.e2e.CVTestLT@710b30ef]" started-at="2022-06-15T16:38:19 IST" name="testSearchBrowserStack" finished-at="2022-06-15T16:38:55 IST" duration-ms="35122" status="PASS">
          <reporter-output>
          </reporter-output>
        </test-method> <!-- testSearchBrowserStack -->
        <test-method is-config="true" signature="teardown()[pri:0, instance:com.browserstack.test.suites.e2e.CVTestLT@710b30ef]" started-at="2022-06-15T16:38:55 IST" name="teardown" finished-at="2022-06-15T16:38:55 IST" duration-ms="322" status="PASS">
          <reporter-output>
          </reporter-output>
        </test-method> <!-- teardown -->
      </class> <!-- com.browserstack.test.suites.e2e.CVTestLT -->
    </test> <!-- Surefire test -->
  </suite> <!-- Surefire suite -->
</testng-results>
